Build started 2014-03-24 16:52:28.
     1>Project "C:\Users\Marcin\Documents\GitHub\inzynierka\make.visual\make.visual.2012\make.visual.2012.vcxproj" on node 2 (Build target(s)).
     1>C:\Program Files (x86)\MSBuild\Microsoft.Cpp\v4.0\V110\Microsoft.CppBuild.targets(346,5): warning MSB8004: Output Directory does not end with a trailing slash.  This build instance will add the slash as it is required to allow proper evaluation of the Output Directory.
     1>ClCompile:
         D:\Pliki programów (x86)\Microsoft Visual Studio 11.0\VC\bin\CL.exe /c /I..\..\inc /ZI /nologo /W3 /WX- /Od /Oy- /D WIN32 /D _DEBUG /D _MBCS /D _MBCS /Gm /EHsc /RTC1 /MDd /GS /fp:precise /Zc:wchar_t /Zc:forScope /Fo"Debug\\" /Fd"Debug\vc110.pdb" /FR"Debug\\" /Gd /TP /analyze- /errorReport:prompt ..\..\src\main.cpp
         main.cpp
     1>c:\users\marcin\documents\github\inzynierka\src\main.cpp(62): warning C4018: '<' : signed/unsigned mismatch
     1>c:\users\marcin\documents\github\inzynierka\src\main.cpp(90): warning C4996: 'fopen': This function or variable may be unsafe. Consider using fopen_s instead. To disable deprecation, use _CRT_SECURE_NO_WARNINGS. See online help for details.
                 d:\pliki programów (x86)\microsoft visual studio 11.0\vc\include\stdio.h(218) : see declaration of 'fopen'
     1>c:\users\marcin\documents\github\inzynierka\src\main.cpp(192): warning C4996: 'fopen': This function or variable may be unsafe. Consider using fopen_s instead. To disable deprecation, use _CRT_SECURE_NO_WARNINGS. See online help for details.
                 d:\pliki programów (x86)\microsoft visual studio 11.0\vc\include\stdio.h(218) : see declaration of 'fopen'
     1>c:\users\marcin\documents\github\inzynierka\src\main.cpp(381): error C2065: 'Y' : undeclared identifier
     1>c:\users\marcin\documents\github\inzynierka\src\main.cpp(381): error C2065: 'U' : undeclared identifier
     1>c:\users\marcin\documents\github\inzynierka\src\main.cpp(381): error C2065: 'V' : undeclared identifier
     1>c:\users\marcin\documents\github\inzynierka\src\main.cpp(407): error C2065: 'Y' : undeclared identifier
     1>c:\users\marcin\documents\github\inzynierka\src\main.cpp(407): error C2065: 'U' : undeclared identifier
     1>c:\users\marcin\documents\github\inzynierka\src\main.cpp(407): error C2065: 'V' : undeclared identifier
     1>Done Building Project "C:\Users\Marcin\Documents\GitHub\inzynierka\make.visual\make.visual.2012\make.visual.2012.vcxproj" (Build target(s)) -- FAILED.

Build FAILED.

Time Elapsed 00:00:02.37
